<?xml version="1.0" encoding="UTF-8"?>
<!-- Generated by org.testng.reporters.JUnitXMLReporter -->
<testsuite ignored="0" hostname="LAPTOP-HEMJET64" failures="0" tests="6" name="Test" time="3.149" errors="0" timestamp="2024-02-16T17:27:49 IST">
  <testcase classname="day1.PathQP" name="testQPP" time="1.601"/>
  <testcase classname="day1.JSONSchemaValidation" name="convertJson" time="0.186"/>
  <testcase classname="day1.JSONSchemaValidation" name="jsonConvert" time="0.019"/>
  <testcase classname="day1.cookiesDemo" name="getCookiesInfo" time="0.552"/>
  <testcase classname="day1.cookiesDemo" name="testCookie" time="0.603"/>
  <testcase classname="day1.HttpRequests" name="getUsers" time="0.142"/>
</testsuite> <!-- Test -->
