<?xml version="1.0" encoding="UTF-8"?>
<testng-results ignored="0" total="6" passed="6" failed="0" skipped="0">
  <reporter-output>
  </reporter-output>
  <suite started-at="2024-02-16T17:27:46 IST" name="Suite" finished-at="2024-02-16T17:27:49 IST" duration-ms="3149">
    <groups>
    </groups>
    <test started-at="2024-02-16T17:27:46 IST" name="Test" finished-at="2024-02-16T17:27:49 IST" duration-ms="3149">
      <class name="day1.PathQP">
        <test-method signature="testQPP()[pri:0, instance:day1.PathQP@4b8ee4de]" started-at="2024-02-16T17:27:46 IST" name="testQPP" finished-at="2024-02-16T17:27:48 IST" duration-ms="1601" status="PASS">
          <reporter-output>
          </reporter-output>
        </test-method> <!-- testQPP -->
      </class> <!-- day1.PathQP -->
      <class name="day1.JSONSchemaValidation">
        <test-method signature="convertJson()[pri:0, instance:day1.JSONSchemaValidation@52b1beb6]" started-at="2024-02-16T17:27:48 IST" name="convertJson" finished-at="2024-02-16T17:27:48 IST" duration-ms="186" status="PASS">
          <reporter-output>
          </reporter-output>
        </test-method> <!-- convertJson -->
        <test-method signature="jsonConvert()[pri:0, instance:day1.JSONSchemaValidation@52b1beb6]" started-at="2024-02-16T17:27:48 IST" name="jsonConvert" finished-at="2024-02-16T17:27:48 IST" duration-ms="19" status="PASS">
          <reporter-output>
          </reporter-output>
        </test-method> <!-- jsonConvert -->
      </class> <!-- day1.JSONSchemaValidation -->
      <class name="day1.HttpRequests">
        <test-method signature="getUsers()[pri:3, instance:day1.HttpRequests@7db12bb6]" started-at="2024-02-16T17:27:49 IST" name="getUsers" finished-at="2024-02-16T17:27:49 IST" duration-ms="142" status="PASS">
          <reporter-output>
          </reporter-output>
        </test-method> <!-- getUsers -->
      </class> <!-- day1.HttpRequests -->
      <class name="day1.cookiesDemo">
        <test-method signature="getCookiesInfo()[pri:1, instance:day1.cookiesDemo@273e7444]" started-at="2024-02-16T17:27:48 IST" name="getCookiesInfo" finished-at="2024-02-16T17:27:49 IST" duration-ms="552" status="PASS">
          <reporter-output>
          </reporter-output>
        </test-method> <!-- getCookiesInfo -->
        <test-method signature="testCookie()[pri:2, instance:day1.cookiesDemo@273e7444]" started-at="2024-02-16T17:27:49 IST" name="testCookie" finished-at="2024-02-16T17:27:49 IST" duration-ms="603" status="PASS">
          <reporter-output>
          </reporter-output>
        </test-method> <!-- testCookie -->
      </class> <!-- day1.cookiesDemo -->
    </test> <!-- Test -->
  </suite> <!-- Suite -->
</testng-results>
